Cloning 70 URLs

[1/70] OK  thenewfind__home-garden-bed-scrunchie  <-  https://thenewfind.com/blogs/home-garden/bed-scrunchie
[2/70] FAIL(rc=1,size=0)  thenewfind__home-garden-dynasty-series-knives  <-  https://thenewfind.com/blogs/home-garden/dynasty-series-knives
[3/70] FAIL(rc=1,size=0)  thenewfind__home-garden-amaranth-vase  <-  https://thenewfind.com/blogs/home-garden/amaranth-vase
[4/70] FAIL(rc=1,size=0)  thenewfind__style-beauty-alleyoop-multi-tasker  <-  https://thenewfind.com/blogs/style-beauty/alleyoop-multi-tasker
[5/70] OK  thenewfind__home-garden-surge-bulbs  <-  https://thenewfind.com/blogs/home-garden/surge-bulbs
[6/70] OK  thenewfind__style-beauty-pluxy  <-  https://thenewfind.com/blogs/style-beauty/pluxy
[7/70] FAIL(rc=1,size=0)  thenewfind__style-beauty-lux-glo  <-  https://thenewfind.com/blogs/style-beauty/lux-glo
[8/70] FAIL(rc=1,size=0)  thenewfind__health-fitness-hiya  <-  https://thenewfind.com/blogs/health-fitness/hiya
[9/70] FAIL(rc=1,size=0)  thenewfind__gadgets-tech-fixd  <-  https://thenewfind.com/blogs/gadgets-tech/fixd
[10/70] OK  thenewfind__style-beauty-foot-peel-mask  <-  https://thenewfind.com/blogs/style-beauty/foot-peel-mask
[11/70] FAIL(rc=1,size=0)  thenewfind__gadgets-tech-portable-safe  <-  https://thenewfind.com/blogs/gadgets-tech/portable-safe
[12/70] TIMEOUT  swissklip__story-pb-vid-fb  <-  https://swissklip.com/story-pb-vid-fb/
[13/70] OK  thenewfind__health-fitness-dodow  <-  https://thenewfind.com/blogs/health-fitness/dodow
[14/70] OK  thenewfind__health-fitness-aculief  <-  https://thenewfind.com/blogs/health-fitness/aculief
[15/70] OK  m-healthyfeet__fungus-v12-en  <-  https://m.healthyfeet.me/fungus-v12-en/?ref=natuwidg.com&action=view&encrypt=hSalSwKuYZtdHe7StQGjchnVHL99k1sdK9Tci3l2Lzq6tzc&c=42553&site=TestoultraWWALL_DE_Transfermarkt.com%20(Transfermarkt)_DE_Transfermarkt.com%20(Transfermarkt)_00a2a13e1cc127a7d556ee281a142a1b4c&prot=2
[16/70] OK  trkmeded__ed-v23-en-ww  <-  https://trkmeded.com/ed-v23-en-ww/?ref=strazafiletth.com&action=view&encrypt=gh8s0LVwICRquZukh3clIjznGC5hd4QhC26JjNMhpY4&c=42490&ob_marketer=MED7&ob_publisher_id=002be1920854263eb67627023e921f235c&ob_section_id=00f2e8e0075da8f1467aa4ada0c6a77784&ob_ad_id=00a2a13e1cc127a7d556ee281a142a1b4c&ob_timestamp=20231122105607&ob_platform=ALL&ob_campaign_id=009243074d72f08ee02ba768ce4daa2443&ob_doc_title=Latest%20ED%20Treatment%20Works%20in%20Less%20than%20Half%20Hour&site=TestoultraWWALL_DE_Transfermarkt.com%20(Transfermarkt)_DE_Transfermarkt.com%20(Transfermarkt)_00a2a13e1cc127a7d556ee281a142a1b4c&mavcid=42490&ob_cpc=0.027&ob_marketer_id=009ae3b61d5ec8f433ea881f0ecac5c3c0&dicbo=v4-ATJzKh1-1088980856&prot=2
[17/70] OK  thenewfind__home-garden-lifevac  <-  https://thenewfind.com/blogs/home-garden/lifevac
[18/70] OK  sugarworx__diabetes-v3-en  <-  https://sugarworx.org/diabetes-v3-en/?ref=natuwidg.com&action=view&encrypt=AsaOQz7rVtAeUeZvMxP1zGAFLNDHqxOoCdM189rrcsQ&c=42554&site=TestoultraWWALL_DE_Transfermarkt.com%20(Transfermarkt)_DE_Transfermarkt.com%20(Transfermarkt)_00a2a13e1cc127a7d556ee281a142a1b4c&prot=2
[19/70] OK  learn-cleanomicessentials__bags-zipbags  <-  https://learn.cleanomicessentials.com/bags/zipbags/??lpv=Zipbags-Essenntials-LP(BST)-07-08-22&lpv=Zipbags-Essentials-LP(BST)-07-08-22
[20/70] OK  organidate__prostate-oa  <-  https://organidate.com/prostate-oa/?ref=natuwidg.com&action=view&encrypt=C51xENTzSSIksepNfLKRIbWhSalSR3nPF9JzsULpeXnuKeo7Lg&c=42552&site=TestoultraWWALL_DE_Transfermarkt.com%20(Transfermarkt)_DE_Transfermarkt.com%20(Transfermarkt)_00a2a13e1cc127a7d556ee281a142a1b4c&prot=2
[21/70] FAIL(rc=1,size=0)  thenewfind__home-garden-flipfork  <-  https://thenewfind.com/blogs/home-garden/flipfork
[22/70] OK  swipefile__advertorials  <-  https://swipefile.com/advertorials/
[23/70] FAIL(rc=1,size=0)  thenewfind__gadgets-tech-treva  <-  https://thenewfind.com/blogs/gadgets-tech/treva
[24/70] OK  swiped__types-advertorial-page-4  <-  https://swiped.co/types/advertorial/page/4/
[25/70] OK  thenewfind__home-garden-the-wand  <-  https://thenewfind.com/blogs/home-garden/the-wand
[26/70] OK  blog-well-being-review__lost-23-ibs-in-one-month  <-  https://blog.well-being-review.com/lost-23-ibs-in-one-month
[27/70] FAIL(rc=1,size=0)  get-scrubninja__adv-en-o  <-  https://get-scrubninja.shop/adv-en-o/?dicbo=v4-ex8FT7j-1079847997
[28/70] FAIL(rc=1,size=0)  thenewfind__home-garden-purifair  <-  https://thenewfind.com/blogs/home-garden/purifair
[29/70] FAIL(rc=1,size=0)  thenewfind__home-garden-staysafe  <-  https://thenewfind.com/blogs/home-garden/staysafe
[30/70] OK  thenewfind__home-garden-imemories  <-  https://thenewfind.com/blogs/home-garden/imemories
[31/70] FAIL(rc=1,size=0)  thenewfind__home-garden-duo-cover  <-  https://thenewfind.com/blogs/home-garden/duo-cover
[32/70] FAIL(rc=1,size=0)  thenewfind__gadgets-tech-gopurepod  <-  https://thenewfind.com/blogs/gadgets-tech/gopurepod
[33/70] FAIL(rc=1,size=0)  thenewfind__gadgets-tech-thinoptics  <-  https://thenewfind.com/blogs/gadgets-tech/thinoptics
[34/70] OK  thenewfind__health-fitness-my-happy-feet-socks  <-  https://thenewfind.com/blogs/health-fitness/my-happy-feet-socks
[35/70] OK  thenewfind__gadgets-tech-godonut  <-  https://thenewfind.com/blogs/gadgets-tech/godonut
[36/70] FAIL(rc=1,size=0)  thenewfind__gadgets-tech-chargehubgo  <-  https://thenewfind.com/blogs/gadgets-tech/chargehubgo
[37/70] OK  thenewfind__health-fitness-soul-insole  <-  https://thenewfind.com/blogs/health-fitness/soul-insole
[38/70] OK  consumerbags__rival  <-  https://consumerbags.com/review/rival/
[39/70] OK  thenewfind__health-fitness-theraice  <-  https://thenewfind.com/blogs/health-fitness/theraice
[40/70] OK  thenewfind__gadgets-tech-flightpath  <-  https://thenewfind.com/blogs/gadgets-tech/flightpath
[41/70] FAIL(rc=1,size=0)  thenewfind__health-fitness-zen-routine  <-  https://thenewfind.com/blogs/health-fitness/zen-routine
[42/70] OK  lifetechadviser__cardiotrack-en-o  <-  https://lifetechadviser.com/cardiotrack-en-o/?dicbo=v4-POGGWgS-1079847997
[43/70] OK  thenewfind__health-fitness-bril  <-  https://thenewfind.com/blogs/health-fitness/bril
[44/70] OK  thenewfind__gadgets-tech-omega-wifi-amp  <-  https://thenewfind.com/blogs/gadgets-tech/omega-wifi-amp
[45/70] OK  thenewfind__health-fitness-omnibreathe  <-  https://thenewfind.com/blogs/health-fitness/omnibreathe
[46/70] FAIL(rc=1,size=0)  thenewfind__health-fitness-belly-orb  <-  https://thenewfind.com/blogs/health-fitness/belly-orb
[47/70] OK  rakvel-qinux__home  <-  https://rakvel-qinux.com/?widipub_id=5c8f769def2864110b1a3605&wtrd_offer_id=62f1388c6074ca773b256893&_locale=en&wtrd_offer_pids=62f139554a15bb0674052faa&wtrd_offer_lids=62f139554a15bb0674052fac&dicbo=v4-SCq80B0-1079847997
[48/70] FAIL(rc=1,size=0)  ordershinearmor__a3-new  <-  https://ordershinearmor.com/a/a3-new/
[49/70] FAIL(rc=1,size=0)  silver-suteratowels__home  <-  https://silver.suteratowels.com/?lpv=Silverthread-Facebook-Mixed(BST)-Banner-08-09-22
[50/70] OK  smartguidesdaily__staysafe-yg  <-  https://smartguidesdaily.com/staysafe/yg/
[51/70] OK  thenewfind__gadgets-tech-screenklean  <-  https://thenewfind.com/blogs/gadgets-tech/screenklean
[52/70] FAIL(rc=1,size=0)  thenewfind__gadgets-tech-peeps  <-  https://thenewfind.com/blogs/gadgets-tech/peeps
[53/70] OK  thenewfind__gadgets-tech-tiki-tunes  <-  https://thenewfind.com/blogs/gadgets-tech/tiki-tunes
[54/70] OK  thenewfind__gadgets-tech-react  <-  https://thenewfind.com/blogs/gadgets-tech/react
[55/70] OK  thenewfind__health-fitness-hale-breathing  <-  https://thenewfind.com/blogs/health-fitness/hale-breathing
[56/70] FAIL(rc=1,size=0)  thenewfind__gadgets-tech-aquapure  <-  https://thenewfind.com/blogs/gadgets-tech/aquapure
[57/70] OK  thenewfind__health-fitness-beam  <-  https://thenewfind.com/blogs/health-fitness/beam
[58/70] FAIL(rc=1,size=0)  thenewfind__gadgets-tech-hootie  <-  https://thenewfind.com/blogs/gadgets-tech/hootie
[59/70] OK  thenewfind__health-fitness-chill-pill  <-  https://thenewfind.com/blogs/health-fitness/chill-pill
[60/70] OK  thenewfind__gadgets-tech-kelvin  <-  https://thenewfind.com/blogs/gadgets-tech/kelvin
[61/70] FAIL(rc=1,size=0)  thenewfind__health-fitness-trigger-point-rocker  <-  https://thenewfind.com/blogs/health-fitness/trigger-point-rocker
[62/70] OK  thenewfind__gadgets-tech-keyzmo  <-  https://thenewfind.com/blogs/gadgets-tech/keyzmo
[63/70] FAIL(rc=1,size=0)  thenewfind__health-fitness-zquiet  <-  https://thenewfind.com/blogs/health-fitness/zquiet
[64/70] FAIL(rc=1,size=0)  thenewfind__gadgets-tech-omega-datacube  <-  https://thenewfind.com/blogs/gadgets-tech/omega-datacube
[65/70] OK  thenewfind__health-fitness-aculief-hat  <-  https://thenewfind.com/blogs/health-fitness/aculief-hat
[66/70] OK  thenewfind__gadgets-tech-guidelights  <-  https://thenewfind.com/blogs/gadgets-tech/guidelights
[67/70] FAIL(rc=1,size=0)  thenewfind__health-fitness-active-skin-repair  <-  https://thenewfind.com/blogs/health-fitness/active-skin-repair
[68/70] FAIL(rc=1,size=0)  thenewfind__health-fitness-the-migraine-stopper  <-  https://thenewfind.com/blogs/health-fitness/the-migraine-stopper
[69/70] OK  thenewfind__health-fitness-kailo  <-  https://thenewfind.com/blogs/health-fitness/kailo
[70/70] OK  thenewfind__health-fitness-audien  <-  https://thenewfind.com/blogs/health-fitness/audien

--- Incremental clone of 32 new URLs ---
[1/32] FAIL(rc=1,size=0)  thenewfind__home-garden-dynasty-series-knives  <-  https://thenewfind.com/blogs/home-garden/dynasty-series-knives
[2/32] FAIL(rc=1,size=0)  thenewfind__home-garden-amaranth-vase  <-  https://thenewfind.com/blogs/home-garden/amaranth-vase
[3/32] FAIL(rc=1,size=0)  thenewfind__style-beauty-alleyoop-multi-tasker  <-  https://thenewfind.com/blogs/style-beauty/alleyoop-multi-tasker
[4/32] FAIL(rc=1,size=0)  thenewfind__style-beauty-lux-glo  <-  https://thenewfind.com/blogs/style-beauty/lux-glo
[5/32] FAIL(rc=1,size=0)  thenewfind__health-fitness-hiya  <-  https://thenewfind.com/blogs/health-fitness/hiya
[6/32] FAIL(rc=1,size=0)  thenewfind__gadgets-tech-fixd  <-  https://thenewfind.com/blogs/gadgets-tech/fixd
[7/32] FAIL(rc=1,size=0)  thenewfind__gadgets-tech-portable-safe  <-  https://thenewfind.com/blogs/gadgets-tech/portable-safe
[8/32] TIMEOUT  swissklip__story-pb-vid-fb  <-  https://swissklip.com/story-pb-vid-fb/
[9/32] FAIL(rc=1,size=0)  thenewfind__home-garden-flipfork  <-  https://thenewfind.com/blogs/home-garden/flipfork
[10/32] FAIL(rc=1,size=0)  thenewfind__gadgets-tech-treva  <-  https://thenewfind.com/blogs/gadgets-tech/treva
[11/32] FAIL(rc=1,size=0)  get-scrubninja__adv-en-o  <-  https://get-scrubninja.shop/adv-en-o/?dicbo=v4-ex8FT7j-1079847997
[12/32] FAIL(rc=1,size=0)  thenewfind__home-garden-purifair  <-  https://thenewfind.com/blogs/home-garden/purifair
[13/32] FAIL(rc=1,size=0)  thenewfind__home-garden-staysafe  <-  https://thenewfind.com/blogs/home-garden/staysafe
[14/32] FAIL(rc=1,size=0)  thenewfind__home-garden-duo-cover  <-  https://thenewfind.com/blogs/home-garden/duo-cover
[15/32] FAIL(rc=1,size=0)  thenewfind__gadgets-tech-gopurepod  <-  https://thenewfind.com/blogs/gadgets-tech/gopurepod
[16/32] FAIL(rc=1,size=0)  thenewfind__gadgets-tech-thinoptics  <-  https://thenewfind.com/blogs/gadgets-tech/thinoptics
[17/32] FAIL(rc=1,size=0)  thenewfind__gadgets-tech-chargehubgo  <-  https://thenewfind.com/blogs/gadgets-tech/chargehubgo
[18/32] FAIL(rc=1,size=0)  thenewfind__health-fitness-zen-routine  <-  https://thenewfind.com/blogs/health-fitness/zen-routine
[19/32] FAIL(rc=1,size=0)  thenewfind__health-fitness-belly-orb  <-  https://thenewfind.com/blogs/health-fitness/belly-orb
[20/32] FAIL(rc=1,size=0)  ordershinearmor__a3-new  <-  https://ordershinearmor.com/a/a3-new/
[21/32] FAIL(rc=1,size=0)  silver-suteratowels__home  <-  https://silver.suteratowels.com/?lpv=Silverthread-Facebook-Mixed(BST)-Banner-08-09-22
[22/32] FAIL(rc=1,size=0)  thenewfind__gadgets-tech-peeps  <-  https://thenewfind.com/blogs/gadgets-tech/peeps
[23/32] FAIL(rc=1,size=0)  thenewfind__gadgets-tech-aquapure  <-  https://thenewfind.com/blogs/gadgets-tech/aquapure
[24/32] FAIL(rc=1,size=0)  thenewfind__gadgets-tech-hootie  <-  https://thenewfind.com/blogs/gadgets-tech/hootie
[25/32] FAIL(rc=1,size=0)  thenewfind__health-fitness-trigger-point-rocker  <-  https://thenewfind.com/blogs/health-fitness/trigger-point-rocker
[26/32] FAIL(rc=1,size=0)  thenewfind__health-fitness-zquiet  <-  https://thenewfind.com/blogs/health-fitness/zquiet
[27/32] FAIL(rc=1,size=0)  thenewfind__gadgets-tech-omega-datacube  <-  https://thenewfind.com/blogs/gadgets-tech/omega-datacube
[28/32] FAIL(rc=1,size=0)  thenewfind__health-fitness-active-skin-repair  <-  https://thenewfind.com/blogs/health-fitness/active-skin-repair
[29/32] FAIL(rc=1,size=0)  thenewfind__health-fitness-the-migraine-stopper  <-  https://thenewfind.com/blogs/health-fitness/the-migraine-stopper
[30/32] OK  theskinmag__wlc-ov  <-  https://www.theskinmag.com/wlc-ov
[31/32] OK  noorh__hhf-lwr-sedona  <-  https://www.noorh.co/hhf-lwr-sedona
[32/32] OK  tryelvera__pages-kidney-solution  <-  https://tryelvera.com/pages/kidney-solution

--- Incremental clone of 1 new URLs ---
[1/1] OK  magnali__pages-charlesanderson  <-  https://magnali.com/pages/charlesanderson?fbclid=IwY2xjawRdqnJleHRuA2FlbQIxMABicmlkETEwcndjTk02RUFZaDhqdXpQc3J0YwZhcHBfaWQPNTQxNjM5NDkzODg5MDI1AAEeAv6ay_3FvUrGbb8-p1tSG-yxZYcAhXw-cZZEBaIO7YpcShz2gqv3QrNz71Y_aem_x3Oin5o5TQNJjPXOfONoOQ
