Retry of 29 URLs

[1/29] FAIL(rc=1,size=0)  thenewfind__home-garden-dynasty-series-knives  <-  https://thenewfind.com/blogs/home-garden/dynasty-series-knives
[2/29] FAIL(rc=1,size=0)  thenewfind__home-garden-amaranth-vase  <-  https://thenewfind.com/blogs/home-garden/amaranth-vase
[3/29] FAIL(rc=1,size=0)  thenewfind__style-beauty-alleyoop-multi-tasker  <-  https://thenewfind.com/blogs/style-beauty/alleyoop-multi-tasker
[4/29] FAIL(rc=1,size=0)  thenewfind__style-beauty-lux-glo  <-  https://thenewfind.com/blogs/style-beauty/lux-glo
[5/29] FAIL(rc=1,size=0)  thenewfind__health-fitness-hiya  <-  https://thenewfind.com/blogs/health-fitness/hiya
[6/29] FAIL(rc=1,size=0)  thenewfind__gadgets-tech-fixd  <-  https://thenewfind.com/blogs/gadgets-tech/fixd
[7/29] FAIL(rc=1,size=0)  thenewfind__gadgets-tech-portable-safe  <-  https://thenewfind.com/blogs/gadgets-tech/portable-safe
[8/29] TIMEOUT  swissklip__story-pb-vid-fb  <-  https://swissklip.com/story-pb-vid-fb/
[9/29] FAIL(rc=1,size=0)  thenewfind__home-garden-flipfork  <-  https://thenewfind.com/blogs/home-garden/flipfork
[10/29] FAIL(rc=1,size=0)  thenewfind__gadgets-tech-treva  <-  https://thenewfind.com/blogs/gadgets-tech/treva
[11/29] FAIL(rc=1,size=0)  get-scrubninja__adv-en-o  <-  https://get-scrubninja.shop/adv-en-o/?dicbo=v4-ex8FT7j-1079847997
[12/29] FAIL(rc=1,size=0)  thenewfind__home-garden-purifair  <-  https://thenewfind.com/blogs/home-garden/purifair
[13/29] FAIL(rc=1,size=0)  thenewfind__home-garden-staysafe  <-  https://thenewfind.com/blogs/home-garden/staysafe
[14/29] FAIL(rc=1,size=0)  thenewfind__home-garden-duo-cover  <-  https://thenewfind.com/blogs/home-garden/duo-cover
[15/29] FAIL(rc=1,size=0)  thenewfind__gadgets-tech-gopurepod  <-  https://thenewfind.com/blogs/gadgets-tech/gopurepod
[16/29] FAIL(rc=1,size=0)  thenewfind__gadgets-tech-thinoptics  <-  https://thenewfind.com/blogs/gadgets-tech/thinoptics
[17/29] FAIL(rc=1,size=0)  thenewfind__gadgets-tech-chargehubgo  <-  https://thenewfind.com/blogs/gadgets-tech/chargehubgo
[18/29] FAIL(rc=1,size=0)  thenewfind__health-fitness-zen-routine  <-  https://thenewfind.com/blogs/health-fitness/zen-routine
[19/29] FAIL(rc=1,size=0)  thenewfind__health-fitness-belly-orb  <-  https://thenewfind.com/blogs/health-fitness/belly-orb
[20/29] FAIL(rc=1,size=0)  ordershinearmor__a3-new  <-  https://ordershinearmor.com/a/a3-new/
[21/29] FAIL(rc=1,size=0)  silver-suteratowels__home  <-  https://silver.suteratowels.com/?lpv=Silverthread-Facebook-Mixed(BST)-Banner-08-09-22
[22/29] FAIL(rc=1,size=0)  thenewfind__gadgets-tech-peeps  <-  https://thenewfind.com/blogs/gadgets-tech/peeps
[23/29] FAIL(rc=1,size=0)  thenewfind__gadgets-tech-aquapure  <-  https://thenewfind.com/blogs/gadgets-tech/aquapure
[24/29] FAIL(rc=1,size=0)  thenewfind__gadgets-tech-hootie  <-  https://thenewfind.com/blogs/gadgets-tech/hootie
[25/29] FAIL(rc=1,size=0)  thenewfind__health-fitness-trigger-point-rocker  <-  https://thenewfind.com/blogs/health-fitness/trigger-point-rocker
[26/29] FAIL(rc=1,size=0)  thenewfind__health-fitness-zquiet  <-  https://thenewfind.com/blogs/health-fitness/zquiet
[27/29] FAIL(rc=1,size=0)  thenewfind__gadgets-tech-omega-datacube  <-  https://thenewfind.com/blogs/gadgets-tech/omega-datacube
[28/29] FAIL(rc=1,size=0)  thenewfind__health-fitness-active-skin-repair  <-  https://thenewfind.com/blogs/health-fitness/active-skin-repair
[29/29] FAIL(rc=1,size=0)  thenewfind__health-fitness-the-migraine-stopper  <-  https://thenewfind.com/blogs/health-fitness/the-migraine-stopper

OVERSIZED re-clone: rc=0 size=84643469 MB=80.7
